<?xml version="1.0" encoding="UTF-8"?>
<testsuites>
  <testsuite name="RomanianTest" tests="16" assertions="16" errors="0" failures="0" skipped="0" time="0.125834">
    <testsuite name="danielgp\bank_holidays\RomanianTest" file="C:\www\Data\GitRepositories\GitHub\danielgp\bank-holidays\tests\php-unit\RomanianTest.php" tests="16" assertions="16" errors="0" failures="0" skipped="0" time="0.125834">
      <testcase name="testHolidaysEaster2015CatholicEasterFirstDay" class="danielgp\bank_holidays\RomanianTest" classname="danielgp.bank_holidays.RomanianTest" file="C:\www\Data\GitRepositories\GitHub\danielgp\bank-holidays\tests\php-unit\RomanianTest.php" line="36" assertions="1" time="0.022166"/>
      <testcase name="testHolidaysEaster2015CatholicEasterSecondDay" class="danielgp\bank_holidays\RomanianTest" classname="danielgp.bank_holidays.RomanianTest" file="C:\www\Data\GitRepositories\GitHub\danielgp\bank-holidays\tests\php-unit\RomanianTest.php" line="44" assertions="1" time="0.006180"/>
      <testcase name="testHolidaysEaster2015FirstDayOfYear" class="danielgp\bank_holidays\RomanianTest" classname="danielgp.bank_holidays.RomanianTest" file="C:\www\Data\GitRepositories\GitHub\danielgp\bank-holidays\tests\php-unit\RomanianTest.php" line="52" assertions="1" time="0.009990"/>
      <testcase name="testHolidaysEaster2015LastDayOfYear" class="danielgp\bank_holidays\RomanianTest" classname="danielgp.bank_holidays.RomanianTest" file="C:\www\Data\GitRepositories\GitHub\danielgp\bank-holidays\tests\php-unit\RomanianTest.php" line="60" assertions="1" time="0.006647"/>
      <testcase name="testHolidaysEaster2015OrthodoxEasterFirstDay" class="danielgp\bank_holidays\RomanianTest" classname="danielgp.bank_holidays.RomanianTest" file="C:\www\Data\GitRepositories\GitHub\danielgp\bank-holidays\tests\php-unit\RomanianTest.php" line="68" assertions="1" time="0.006176"/>
      <testcase name="testHolidaysEaster2015OrthodoxEasterSecondDay" class="danielgp\bank_holidays\RomanianTest" classname="danielgp.bank_holidays.RomanianTest" file="C:\www\Data\GitRepositories\GitHub\danielgp\bank-holidays\tests\php-unit\RomanianTest.php" line="76" assertions="1" time="0.005928"/>
      <testcase name="testHolidaysFixedButWorkingIncluded" class="danielgp\bank_holidays\RomanianTest" classname="danielgp.bank_holidays.RomanianTest" file="C:\www\Data\GitRepositories\GitHub\danielgp\bank-holidays\tests\php-unit\RomanianTest.php" line="84" assertions="1" time="0.005845"/>
      <testcase name="testHolidaysFixedNewIn2017" class="danielgp\bank_holidays\RomanianTest" classname="danielgp.bank_holidays.RomanianTest" file="C:\www\Data\GitRepositories\GitHub\danielgp\bank-holidays\tests\php-unit\RomanianTest.php" line="92" assertions="1" time="0.005884"/>
      <testcase name="testHolidaysInMonthForMonthWithCatholicEaster" class="danielgp\bank_holidays\RomanianTest" classname="danielgp.bank_holidays.RomanianTest" file="C:\www\Data\GitRepositories\GitHub\danielgp\bank-holidays\tests\php-unit\RomanianTest.php" line="100" assertions="1" time="0.012291"/>
      <testcase name="testHolidaysInMonthForMonthWithoutCatholicEaster" class="danielgp\bank_holidays\RomanianTest" classname="danielgp.bank_holidays.RomanianTest" file="C:\www\Data\GitRepositories\GitHub\danielgp\bank-holidays\tests\php-unit\RomanianTest.php" line="108" assertions="1" time="0.005813"/>
      <testcase name="testWorkingDaysInMonthForMonthOf19Days" class="danielgp\bank_holidays\RomanianTest" classname="danielgp.bank_holidays.RomanianTest" file="C:\www\Data\GitRepositories\GitHub\danielgp\bank-holidays\tests\php-unit\RomanianTest.php" line="116" assertions="1" time="0.006281"/>
      <testcase name="testWorkingDaysInMonthForMonthOf20Days" class="danielgp\bank_holidays\RomanianTest" classname="danielgp.bank_holidays.RomanianTest" file="C:\www\Data\GitRepositories\GitHub\danielgp\bank-holidays\tests\php-unit\RomanianTest.php" line="124" assertions="1" time="0.006227"/>
      <testcase name="testWorkingDaysInMonthForMonthOf20DaysWithCatholicEaster" class="danielgp\bank_holidays\RomanianTest" classname="danielgp.bank_holidays.RomanianTest" file="C:\www\Data\GitRepositories\GitHub\danielgp\bank-holidays\tests\php-unit\RomanianTest.php" line="132" assertions="1" time="0.006383"/>
      <testcase name="testWorkingDaysInMonthForMonthOf21Days" class="danielgp\bank_holidays\RomanianTest" classname="danielgp.bank_holidays.RomanianTest" file="C:\www\Data\GitRepositories\GitHub\danielgp\bank-holidays\tests\php-unit\RomanianTest.php" line="140" assertions="1" time="0.006891"/>
      <testcase name="testWorkingDaysInMonthForMonthOf22Days" class="danielgp\bank_holidays\RomanianTest" classname="danielgp.bank_holidays.RomanianTest" file="C:\www\Data\GitRepositories\GitHub\danielgp\bank-holidays\tests\php-unit\RomanianTest.php" line="148" assertions="1" time="0.006979"/>
      <testcase name="testWorkingDaysInMonthForMonthOf23Days" class="danielgp\bank_holidays\RomanianTest" classname="danielgp.bank_holidays.RomanianTest" file="C:\www\Data\GitRepositories\GitHub\danielgp\bank-holidays\tests\php-unit\RomanianTest.php" line="156" assertions="1" time="0.006154"/>
    </testsuite>
  </testsuite>
</testsuites>
