<?xml version="1.0" encoding="UTF-8"?>
<testsuites>
  <testsuite name="" tests="16" assertions="16" failures="0" errors="0" time="0.151922">
    <testsuite name="RomanianTest" file="C:\www\Data\GitRepositories\GitHub\danielgp\bank-holidays\tests\php-unit\RomanianTest.php" tests="16" assertions="16" failures="0" errors="0" time="0.151922">
      <testcase name="testHolidaysEaster2015CatholicEasterFirstDay" class="RomanianTest" file="C:\www\Data\GitRepositories\GitHub\danielgp\bank-holidays\tests\php-unit\RomanianTest.php" line="33" assertions="1" time="0.012072"/>
      <testcase name="testHolidaysEaster2015CatholicEasterSecondDay" class="RomanianTest" file="C:\www\Data\GitRepositories\GitHub\danielgp\bank-holidays\tests\php-unit\RomanianTest.php" line="41" assertions="1" time="0.006604"/>
      <testcase name="testHolidaysEaster2015FirstDayOfYear" class="RomanianTest" file="C:\www\Data\GitRepositories\GitHub\danielgp\bank-holidays\tests\php-unit\RomanianTest.php" line="49" assertions="1" time="0.006471"/>
      <testcase name="testHolidaysEaster2015LastDayOfYear" class="RomanianTest" file="C:\www\Data\GitRepositories\GitHub\danielgp\bank-holidays\tests\php-unit\RomanianTest.php" line="57" assertions="1" time="0.007278"/>
      <testcase name="testHolidaysEaster2015OrthodoxEasterFirstDay" class="RomanianTest" file="C:\www\Data\GitRepositories\GitHub\danielgp\bank-holidays\tests\php-unit\RomanianTest.php" line="65" assertions="1" time="0.007752"/>
      <testcase name="testHolidaysEaster2015OrthodoxEasterSecondDay" class="RomanianTest" file="C:\www\Data\GitRepositories\GitHub\danielgp\bank-holidays\tests\php-unit\RomanianTest.php" line="73" assertions="1" time="0.007567"/>
      <testcase name="testHolidaysFixedButWorkingIncluded" class="RomanianTest" file="C:\www\Data\GitRepositories\GitHub\danielgp\bank-holidays\tests\php-unit\RomanianTest.php" line="81" assertions="1" time="0.006989"/>
      <testcase name="testHolidaysFixedNewIn2017" class="RomanianTest" file="C:\www\Data\GitRepositories\GitHub\danielgp\bank-holidays\tests\php-unit\RomanianTest.php" line="89" assertions="1" time="0.010483"/>
      <testcase name="testHolidaysInMonthForMonthWithCatholicEaster" class="RomanianTest" file="C:\www\Data\GitRepositories\GitHub\danielgp\bank-holidays\tests\php-unit\RomanianTest.php" line="97" assertions="1" time="0.007393"/>
      <testcase name="testHolidaysInMonthForMonthWithoutCatholicEaster" class="RomanianTest" file="C:\www\Data\GitRepositories\GitHub\danielgp\bank-holidays\tests\php-unit\RomanianTest.php" line="105" assertions="1" time="0.007069"/>
      <testcase name="testWorkingDaysInMonthForMonthOf19Days" class="RomanianTest" file="C:\www\Data\GitRepositories\GitHub\danielgp\bank-holidays\tests\php-unit\RomanianTest.php" line="113" assertions="1" time="0.010646"/>
      <testcase name="testWorkingDaysInMonthForMonthOf20Days" class="RomanianTest" file="C:\www\Data\GitRepositories\GitHub\danielgp\bank-holidays\tests\php-unit\RomanianTest.php" line="121" assertions="1" time="0.014423"/>
      <testcase name="testWorkingDaysInMonthForMonthOf20DaysWithCatholicEaster" class="RomanianTest" file="C:\www\Data\GitRepositories\GitHub\danielgp\bank-holidays\tests\php-unit\RomanianTest.php" line="129" assertions="1" time="0.010376"/>
      <testcase name="testWorkingDaysInMonthForMonthOf21Days" class="RomanianTest" file="C:\www\Data\GitRepositories\GitHub\danielgp\bank-holidays\tests\php-unit\RomanianTest.php" line="137" assertions="1" time="0.013457"/>
      <testcase name="testWorkingDaysInMonthForMonthOf22Days" class="RomanianTest" file="C:\www\Data\GitRepositories\GitHub\danielgp\bank-holidays\tests\php-unit\RomanianTest.php" line="145" assertions="1" time="0.012500"/>
      <testcase name="testWorkingDaysInMonthForMonthOf23Days" class="RomanianTest" file="C:\www\Data\GitRepositories\GitHub\danielgp\bank-holidays\tests\php-unit\RomanianTest.php" line="153" assertions="1" time="0.010842"/>
    </testsuite>
  </testsuite>
</testsuites>
