<?xml version="1.0" encoding="UTF-8"?>
<testsuites>
  <testsuite name="RomanianTest" tests="16" assertions="16" failures="0" errors="0" time="0.055882">
    <testsuite name="danielgp\bank_holidays\RomanianTest" file="C:\www\Data\GitRepositories\GitHub\danielgp\bank-holidays\tests\php-unit\RomanianTest.php" tests="16" assertions="16" failures="0" errors="0" time="0.055882">
      <testcase name="testHolidaysEaster2015CatholicEasterFirstDay" class="danielgp\bank_holidays\RomanianTest" file="C:\www\Data\GitRepositories\GitHub\danielgp\bank-holidays\tests\php-unit\RomanianTest.php" line="36" assertions="1" time="0.007837"/>
      <testcase name="testHolidaysEaster2015CatholicEasterSecondDay" class="danielgp\bank_holidays\RomanianTest" file="C:\www\Data\GitRepositories\GitHub\danielgp\bank-holidays\tests\php-unit\RomanianTest.php" line="44" assertions="1" time="0.003486"/>
      <testcase name="testHolidaysEaster2015FirstDayOfYear" class="danielgp\bank_holidays\RomanianTest" file="C:\www\Data\GitRepositories\GitHub\danielgp\bank-holidays\tests\php-unit\RomanianTest.php" line="52" assertions="1" time="0.002464"/>
      <testcase name="testHolidaysEaster2015LastDayOfYear" class="danielgp\bank_holidays\RomanianTest" file="C:\www\Data\GitRepositories\GitHub\danielgp\bank-holidays\tests\php-unit\RomanianTest.php" line="60" assertions="1" time="0.004275"/>
      <testcase name="testHolidaysEaster2015OrthodoxEasterFirstDay" class="danielgp\bank_holidays\RomanianTest" file="C:\www\Data\GitRepositories\GitHub\danielgp\bank-holidays\tests\php-unit\RomanianTest.php" line="68" assertions="1" time="0.002827"/>
      <testcase name="testHolidaysEaster2015OrthodoxEasterSecondDay" class="danielgp\bank_holidays\RomanianTest" file="C:\www\Data\GitRepositories\GitHub\danielgp\bank-holidays\tests\php-unit\RomanianTest.php" line="76" assertions="1" time="0.002948"/>
      <testcase name="testHolidaysFixedButWorkingIncluded" class="danielgp\bank_holidays\RomanianTest" file="C:\www\Data\GitRepositories\GitHub\danielgp\bank-holidays\tests\php-unit\RomanianTest.php" line="84" assertions="1" time="0.003047"/>
      <testcase name="testHolidaysFixedNewIn2017" class="danielgp\bank_holidays\RomanianTest" file="C:\www\Data\GitRepositories\GitHub\danielgp\bank-holidays\tests\php-unit\RomanianTest.php" line="92" assertions="1" time="0.002911"/>
      <testcase name="testHolidaysInMonthForMonthWithCatholicEaster" class="danielgp\bank_holidays\RomanianTest" file="C:\www\Data\GitRepositories\GitHub\danielgp\bank-holidays\tests\php-unit\RomanianTest.php" line="100" assertions="1" time="0.004669"/>
      <testcase name="testHolidaysInMonthForMonthWithoutCatholicEaster" class="danielgp\bank_holidays\RomanianTest" file="C:\www\Data\GitRepositories\GitHub\danielgp\bank-holidays\tests\php-unit\RomanianTest.php" line="108" assertions="1" time="0.003315"/>
      <testcase name="testWorkingDaysInMonthForMonthOf19Days" class="danielgp\bank_holidays\RomanianTest" file="C:\www\Data\GitRepositories\GitHub\danielgp\bank-holidays\tests\php-unit\RomanianTest.php" line="116" assertions="1" time="0.003028"/>
      <testcase name="testWorkingDaysInMonthForMonthOf20Days" class="danielgp\bank_holidays\RomanianTest" file="C:\www\Data\GitRepositories\GitHub\danielgp\bank-holidays\tests\php-unit\RomanianTest.php" line="124" assertions="1" time="0.002788"/>
      <testcase name="testWorkingDaysInMonthForMonthOf20DaysWithCatholicEaster" class="danielgp\bank_holidays\RomanianTest" file="C:\www\Data\GitRepositories\GitHub\danielgp\bank-holidays\tests\php-unit\RomanianTest.php" line="132" assertions="1" time="0.003315"/>
      <testcase name="testWorkingDaysInMonthForMonthOf21Days" class="danielgp\bank_holidays\RomanianTest" file="C:\www\Data\GitRepositories\GitHub\danielgp\bank-holidays\tests\php-unit\RomanianTest.php" line="140" assertions="1" time="0.003072"/>
      <testcase name="testWorkingDaysInMonthForMonthOf22Days" class="danielgp\bank_holidays\RomanianTest" file="C:\www\Data\GitRepositories\GitHub\danielgp\bank-holidays\tests\php-unit\RomanianTest.php" line="148" assertions="1" time="0.002926"/>
      <testcase name="testWorkingDaysInMonthForMonthOf23Days" class="danielgp\bank_holidays\RomanianTest" file="C:\www\Data\GitRepositories\GitHub\danielgp\bank-holidays\tests\php-unit\RomanianTest.php" line="156" assertions="1" time="0.002974"/>
    </testsuite>
  </testsuite>
</testsuites>
