<?xml version="1.0" encoding="UTF-8"?>
<testsuites>
  <testsuite name="" tests="15" assertions="15" failures="0" errors="0" time="0.653291">
    <testsuite name="RomanianTest" file="D:\Git\GitHub\danielgp.GitHub\bank-holidays\tests\php-unit\RomanianTest.php" tests="15" assertions="15" failures="0" errors="0" time="0.653291">
      <testcase name="testHolidaysFixedButWorkingIncluded" class="RomanianTest" file="D:\Git\GitHub\danielgp.GitHub\bank-holidays\tests\php-unit\RomanianTest.php" line="33" assertions="1" time="0.059466"/>
      <testcase name="testHolidaysEaster2015CatholicEasterFirstDay" class="RomanianTest" file="D:\Git\GitHub\danielgp.GitHub\bank-holidays\tests\php-unit\RomanianTest.php" line="40" assertions="1" time="0.034154"/>
      <testcase name="testHolidaysEaster2015CatholicEasterSecondDay" class="RomanianTest" file="D:\Git\GitHub\danielgp.GitHub\bank-holidays\tests\php-unit\RomanianTest.php" line="47" assertions="1" time="0.033759"/>
      <testcase name="testHolidaysEaster2015FirstDayOfYear" class="RomanianTest" file="D:\Git\GitHub\danielgp.GitHub\bank-holidays\tests\php-unit\RomanianTest.php" line="54" assertions="1" time="0.043438"/>
      <testcase name="testHolidaysEaster2015LastDayOfYear" class="RomanianTest" file="D:\Git\GitHub\danielgp.GitHub\bank-holidays\tests\php-unit\RomanianTest.php" line="61" assertions="1" time="0.043429"/>
      <testcase name="testHolidaysEaster2015OrthodoxEasterFirstDay" class="RomanianTest" file="D:\Git\GitHub\danielgp.GitHub\bank-holidays\tests\php-unit\RomanianTest.php" line="68" assertions="1" time="0.051021"/>
      <testcase name="testHolidaysEaster2015OrthodoxEasterSecondDay" class="RomanianTest" file="D:\Git\GitHub\danielgp.GitHub\bank-holidays\tests\php-unit\RomanianTest.php" line="75" assertions="1" time="0.039805"/>
      <testcase name="testHolidaysInMonthForMonthWithCatholicEaster" class="RomanianTest" file="D:\Git\GitHub\danielgp.GitHub\bank-holidays\tests\php-unit\RomanianTest.php" line="82" assertions="1" time="0.034781"/>
      <testcase name="testHolidaysInMonthForMonthWithoutCatholicEaster" class="RomanianTest" file="D:\Git\GitHub\danielgp.GitHub\bank-holidays\tests\php-unit\RomanianTest.php" line="89" assertions="1" time="0.039136"/>
      <testcase name="testWorkingDaysInMonthForMonthOf19Days" class="RomanianTest" file="D:\Git\GitHub\danielgp.GitHub\bank-holidays\tests\php-unit\RomanianTest.php" line="96" assertions="1" time="0.048499"/>
      <testcase name="testWorkingDaysInMonthForMonthOf20Days" class="RomanianTest" file="D:\Git\GitHub\danielgp.GitHub\bank-holidays\tests\php-unit\RomanianTest.php" line="103" assertions="1" time="0.038922"/>
      <testcase name="testWorkingDaysInMonthForMonthOf20DaysWithCatholicEaster" class="RomanianTest" file="D:\Git\GitHub\danielgp.GitHub\bank-holidays\tests\php-unit\RomanianTest.php" line="110" assertions="1" time="0.057344"/>
      <testcase name="testWorkingDaysInMonthForMonthOf21Days" class="RomanianTest" file="D:\Git\GitHub\danielgp.GitHub\bank-holidays\tests\php-unit\RomanianTest.php" line="117" assertions="1" time="0.049381"/>
      <testcase name="testWorkingDaysInMonthForMonthOf22Days" class="RomanianTest" file="D:\Git\GitHub\danielgp.GitHub\bank-holidays\tests\php-unit\RomanianTest.php" line="124" assertions="1" time="0.037628"/>
      <testcase name="testWorkingDaysInMonthForMonthOf23Days" class="RomanianTest" file="D:\Git\GitHub\danielgp.GitHub\bank-holidays\tests\php-unit\RomanianTest.php" line="131" assertions="1" time="0.042528"/>
    </testsuite>
  </testsuite>
</testsuites>
