<?xml version="1.0" encoding="UTF-8"?>
<testsuites>
  <testsuite name="" tests="15" assertions="15" failures="0" errors="0" time="0.596573">
    <testsuite name="RomanianTest" file="D:\Git\GitHub\danielgp.GitHub\bank-holidays\tests\php-unit\RomanianTest.php" tests="15" assertions="15" failures="0" errors="0" time="0.596573">
      <testcase name="testHolidaysFixedButWorkingIncluded" class="RomanianTest" file="D:\Git\GitHub\danielgp.GitHub\bank-holidays\tests\php-unit\RomanianTest.php" line="33" assertions="1" time="0.078858"/>
      <testcase name="testHolidaysEaster2015CatholicEasterFirstDay" class="RomanianTest" file="D:\Git\GitHub\danielgp.GitHub\bank-holidays\tests\php-unit\RomanianTest.php" line="40" assertions="1" time="0.026112"/>
      <testcase name="testHolidaysEaster2015CatholicEasterSecondDay" class="RomanianTest" file="D:\Git\GitHub\danielgp.GitHub\bank-holidays\tests\php-unit\RomanianTest.php" line="47" assertions="1" time="0.026774"/>
      <testcase name="testHolidaysEaster2015FirstDayOfYear" class="RomanianTest" file="D:\Git\GitHub\danielgp.GitHub\bank-holidays\tests\php-unit\RomanianTest.php" line="54" assertions="1" time="0.025597"/>
      <testcase name="testHolidaysEaster2015LastDayOfYear" class="RomanianTest" file="D:\Git\GitHub\danielgp.GitHub\bank-holidays\tests\php-unit\RomanianTest.php" line="61" assertions="1" time="0.044579"/>
      <testcase name="testHolidaysEaster2015OrthodoxEasterFirstDay" class="RomanianTest" file="D:\Git\GitHub\danielgp.GitHub\bank-holidays\tests\php-unit\RomanianTest.php" line="68" assertions="1" time="0.037022"/>
      <testcase name="testHolidaysEaster2015OrthodoxEasterSecondDay" class="RomanianTest" file="D:\Git\GitHub\danielgp.GitHub\bank-holidays\tests\php-unit\RomanianTest.php" line="75" assertions="1" time="0.043394"/>
      <testcase name="testHolidaysInMonthForMonthWithCatholicEaster" class="RomanianTest" file="D:\Git\GitHub\danielgp.GitHub\bank-holidays\tests\php-unit\RomanianTest.php" line="82" assertions="1" time="0.040100"/>
      <testcase name="testHolidaysInMonthForMonthWithoutCatholicEaster" class="RomanianTest" file="D:\Git\GitHub\danielgp.GitHub\bank-holidays\tests\php-unit\RomanianTest.php" line="89" assertions="1" time="0.036187"/>
      <testcase name="testWorkingDaysInMonthForMonthOf19Days" class="RomanianTest" file="D:\Git\GitHub\danielgp.GitHub\bank-holidays\tests\php-unit\RomanianTest.php" line="96" assertions="1" time="0.035025"/>
      <testcase name="testWorkingDaysInMonthForMonthOf20Days" class="RomanianTest" file="D:\Git\GitHub\danielgp.GitHub\bank-holidays\tests\php-unit\RomanianTest.php" line="103" assertions="1" time="0.045616"/>
      <testcase name="testWorkingDaysInMonthForMonthOf20DaysWithCatholicEaster" class="RomanianTest" file="D:\Git\GitHub\danielgp.GitHub\bank-holidays\tests\php-unit\RomanianTest.php" line="110" assertions="1" time="0.056573"/>
      <testcase name="testWorkingDaysInMonthForMonthOf21Days" class="RomanianTest" file="D:\Git\GitHub\danielgp.GitHub\bank-holidays\tests\php-unit\RomanianTest.php" line="117" assertions="1" time="0.034438"/>
      <testcase name="testWorkingDaysInMonthForMonthOf22Days" class="RomanianTest" file="D:\Git\GitHub\danielgp.GitHub\bank-holidays\tests\php-unit\RomanianTest.php" line="124" assertions="1" time="0.031500"/>
      <testcase name="testWorkingDaysInMonthForMonthOf23Days" class="RomanianTest" file="D:\Git\GitHub\danielgp.GitHub\bank-holidays\tests\php-unit\RomanianTest.php" line="131" assertions="1" time="0.034798"/>
    </testsuite>
  </testsuite>
</testsuites>
