<?xml version="1.0" encoding="UTF-8"?>
<testsuites>
  <testsuite name="" tests="16" assertions="16" failures="0" errors="0" time="0.118148">
    <testsuite name="danielgp\bank_holidays\RomanianTest" file="C:\www\Data\GitRepositories\GitHub\danielgp\bank-holidays\tests\php-unit\RomanianTest.php" tests="16" assertions="16" failures="0" errors="0" time="0.118148">
      <testcase name="testHolidaysEaster2015CatholicEasterFirstDay" class="danielgp\bank_holidays\RomanianTest" file="C:\www\Data\GitRepositories\GitHub\danielgp\bank-holidays\tests\php-unit\RomanianTest.php" line="35" assertions="1" time="0.011477"/>
      <testcase name="testHolidaysEaster2015CatholicEasterSecondDay" class="danielgp\bank_holidays\RomanianTest" file="C:\www\Data\GitRepositories\GitHub\danielgp\bank-holidays\tests\php-unit\RomanianTest.php" line="43" assertions="1" time="0.006623"/>
      <testcase name="testHolidaysEaster2015FirstDayOfYear" class="danielgp\bank_holidays\RomanianTest" file="C:\www\Data\GitRepositories\GitHub\danielgp\bank-holidays\tests\php-unit\RomanianTest.php" line="51" assertions="1" time="0.006555"/>
      <testcase name="testHolidaysEaster2015LastDayOfYear" class="danielgp\bank_holidays\RomanianTest" file="C:\www\Data\GitRepositories\GitHub\danielgp\bank-holidays\tests\php-unit\RomanianTest.php" line="59" assertions="1" time="0.009349"/>
      <testcase name="testHolidaysEaster2015OrthodoxEasterFirstDay" class="danielgp\bank_holidays\RomanianTest" file="C:\www\Data\GitRepositories\GitHub\danielgp\bank-holidays\tests\php-unit\RomanianTest.php" line="67" assertions="1" time="0.006435"/>
      <testcase name="testHolidaysEaster2015OrthodoxEasterSecondDay" class="danielgp\bank_holidays\RomanianTest" file="C:\www\Data\GitRepositories\GitHub\danielgp\bank-holidays\tests\php-unit\RomanianTest.php" line="75" assertions="1" time="0.006912"/>
      <testcase name="testHolidaysFixedButWorkingIncluded" class="danielgp\bank_holidays\RomanianTest" file="C:\www\Data\GitRepositories\GitHub\danielgp\bank-holidays\tests\php-unit\RomanianTest.php" line="83" assertions="1" time="0.006819"/>
      <testcase name="testHolidaysFixedNewIn2017" class="danielgp\bank_holidays\RomanianTest" file="C:\www\Data\GitRepositories\GitHub\danielgp\bank-holidays\tests\php-unit\RomanianTest.php" line="91" assertions="1" time="0.006745"/>
      <testcase name="testHolidaysInMonthForMonthWithCatholicEaster" class="danielgp\bank_holidays\RomanianTest" file="C:\www\Data\GitRepositories\GitHub\danielgp\bank-holidays\tests\php-unit\RomanianTest.php" line="99" assertions="1" time="0.007483"/>
      <testcase name="testHolidaysInMonthForMonthWithoutCatholicEaster" class="danielgp\bank_holidays\RomanianTest" file="C:\www\Data\GitRepositories\GitHub\danielgp\bank-holidays\tests\php-unit\RomanianTest.php" line="107" assertions="1" time="0.006975"/>
      <testcase name="testWorkingDaysInMonthForMonthOf19Days" class="danielgp\bank_holidays\RomanianTest" file="C:\www\Data\GitRepositories\GitHub\danielgp\bank-holidays\tests\php-unit\RomanianTest.php" line="115" assertions="1" time="0.007081"/>
      <testcase name="testWorkingDaysInMonthForMonthOf20Days" class="danielgp\bank_holidays\RomanianTest" file="C:\www\Data\GitRepositories\GitHub\danielgp\bank-holidays\tests\php-unit\RomanianTest.php" line="123" assertions="1" time="0.006975"/>
      <testcase name="testWorkingDaysInMonthForMonthOf20DaysWithCatholicEaster" class="danielgp\bank_holidays\RomanianTest" file="C:\www\Data\GitRepositories\GitHub\danielgp\bank-holidays\tests\php-unit\RomanianTest.php" line="131" assertions="1" time="0.006995"/>
      <testcase name="testWorkingDaysInMonthForMonthOf21Days" class="danielgp\bank_holidays\RomanianTest" file="C:\www\Data\GitRepositories\GitHub\danielgp\bank-holidays\tests\php-unit\RomanianTest.php" line="139" assertions="1" time="0.006961"/>
      <testcase name="testWorkingDaysInMonthForMonthOf22Days" class="danielgp\bank_holidays\RomanianTest" file="C:\www\Data\GitRepositories\GitHub\danielgp\bank-holidays\tests\php-unit\RomanianTest.php" line="147" assertions="1" time="0.008039"/>
      <testcase name="testWorkingDaysInMonthForMonthOf23Days" class="danielgp\bank_holidays\RomanianTest" file="C:\www\Data\GitRepositories\GitHub\danielgp\bank-holidays\tests\php-unit\RomanianTest.php" line="155" assertions="1" time="0.006724"/>
    </testsuite>
  </testsuite>
</testsuites>
